0 info it worked if it ends with ok
1 verbose cli [ 'C:\\Program Files\\nodejs\\node.exe',
1 verbose cli   'C:\\Program Files\\nodejs\\node_modules\\npm\\bin\\npm-cli.js',
1 verbose cli   'run',
1 verbose cli   'dev' ]
2 info using npm@3.3.6
3 info using node@v5.0.0
4 verbose run-script [ 'predev', 'dev', 'postdev' ]
5 info lifecycle react-so-map@1.0.1~predev: react-so-map@1.0.1
6 silly lifecycle react-so-map@1.0.1~predev: no script for predev, continuing
7 info lifecycle react-so-map@1.0.1~dev: react-so-map@1.0.1
8 verbose lifecycle react-so-map@1.0.1~dev: unsafe-perm in lifecycle true
9 verbose lifecycle react-so-map@1.0.1~dev: PATH: C:\Program Files\nodejs\node_modules\npm\bin\node-gyp-bin;D:\react-so-map\node_modules\.bin;C:\ProgramData\Oracle\Java\javapath;C:\Python27;D:\Program Files (x86)\Android\android-sdk\platform-tools;D:\Program Files (x86)\Android\android-sdk\tools;C:\Program Files\Java\jdk1.8.0_31\bin;C:\Program Files\Git\cmd;C:\Program Files (x86)\NVIDIA Corporation\PhysX\Common;C:\Windows\system32;C:\Windows;C:\Windows\System32\Wbem;C:\Windows\System32\WindowsPowerShell\v1.0\;C:\Program Files\WIDCOMM\Bluetooth Software\;C:\Program Files\WIDCOMM\Bluetooth Software\syswow64;C:\Program Files\TortoiseSVN\bin;C:\Program Files\SlikSvn\bin;C:\Program Files\nodejs\;C:\Ruby22-x64\bin;C:\Users\siwangli\AppData\Roaming\npm
10 verbose lifecycle react-so-map@1.0.1~dev: CWD: D:\react-so-map
11 silly lifecycle react-so-map@1.0.1~dev: Args: [ '/d /s /c',
11 silly lifecycle   'webpack-dev-server --devtool eval --colors --inline --hot --content-base temp/' ]
12 silly lifecycle react-so-map@1.0.1~dev: Returned: code: 1  signal: null
13 info lifecycle react-so-map@1.0.1~dev: Failed to exec dev script
14 verbose stack Error: react-so-map@1.0.1 dev: `webpack-dev-server --devtool eval --colors --inline --hot --content-base temp/`
14 verbose stack Exit status 1
14 verbose stack     at EventEmitter.<anonymous> (C:\Program Files\nodejs\node_modules\npm\lib\utils\lifecycle.js:233:16)
14 verbose stack     at emitTwo (events.js:87:13)
14 verbose stack     at EventEmitter.emit (events.js:172:7)
14 verbose stack     at ChildProcess.<anonymous> (C:\Program Files\nodejs\node_modules\npm\lib\utils\spawn.js:24:14)
14 verbose stack     at emitTwo (events.js:87:13)
14 verbose stack     at ChildProcess.emit (events.js:172:7)
14 verbose stack     at maybeClose (internal/child_process.js:818:16)
14 verbose stack     at Process.ChildProcess._handle.onexit (internal/child_process.js:211:5)
15 verbose pkgid react-so-map@1.0.1
16 verbose cwd D:\react-so-map
17 error Windows_NT 6.1.7601
18 error argv "C:\\Program Files\\nodejs\\node.exe" "C:\\Program Files\\nodejs\\node_modules\\npm\\bin\\npm-cli.js" "run" "dev"
19 error node v5.0.0
20 error npm  v3.3.6
21 error code ELIFECYCLE
22 error react-so-map@1.0.1 dev: `webpack-dev-server --devtool eval --colors --inline --hot --content-base temp/`
22 error Exit status 1
23 error Failed at the react-so-map@1.0.1 dev script 'webpack-dev-server --devtool eval --colors --inline --hot --content-base temp/'.
23 error This is most likely a problem with the react-so-map package,
23 error not with npm itself.
23 error Tell the author that this fails on your system:
23 error     webpack-dev-server --devtool eval --colors --inline --hot --content-base temp/
23 error You can get their info via:
23 error     npm owner ls react-so-map
23 error There is likely additional logging output above.
24 verbose exit [ 1, true ]
